This is pdfTeX, Version 3.1415926-1.40.10 (TeX Live 2009/Debian) (format=latex 2012.4.28)  16 FEB 2013 05:15
entering extended mode
 %&-line parsing enabled.
**paper/main.tex
(./paper/main.tex
LaTeX2e <2009/09/24>
Babel <v3.8l> and hyphenation patterns for english, usenglishmax, dumylang, noh
yphenation, loaded.

! LaTeX Error: File `sig-alternate.cls' not found.

Type X to quit or <RETURN> to proceed,
or enter new name. (Default extension: cls)

Enter file name: 
! Interruption.
<to be read again> 
                   }
l.2 ^^M
       
? 

! LaTeX Error: File `header.tex' not found.

Type X to quit or <RETURN> to proceed,
or enter new name. (Default extension: tex)

Enter file name: 
! Emergency stop.
<read *> 
         
l.3 \input{header.tex}
                      ^^M
End of file on the terminal!

 
Here is how much of TeX's memory you used:
 12 strings out of 495062
 226 string characters out of 1182644
 45108 words of memory out of 3000000
 3285 multiletter control sequences out of 15000+50000
 3640 words of font info for 14 fonts, out of 3000000 for 9000
 28 hyphenation exceptions out of 8191
 10i,0n,7p,46b,8s stack positions out of 5000i,500n,10000p,200000b,50000s
No pages of output.
